<?xml version="1.0" encoding="UTF-8"?>
<!-- Generated by org.testng.reporters.JUnitReportReporter -->
<testsuite hostname="BEN" failures="0" tests="10" name="runnerfiles.RunnerFiles" time="72.493" errors="0" timestamp="2023-07-19T03:15:46 WIB" skipped="1">
  <testcase classname="runnerfiles.RunnerFiles" name="runScenario" time="7.620"/>
  <system-out/>
  <testcase classname="runnerfiles.RunnerFiles" name="runScenario" time="6.583">
    <skipped/>
  </testcase> <!-- runScenario -->
  <system-out/>
  <testcase classname="runnerfiles.RunnerFiles" name="runScenario" time="7.282"/>
  <system-out/>
  <testcase classname="runnerfiles.RunnerFiles" name="runScenario" time="7.663"/>
  <system-out/>
  <testcase classname="runnerfiles.RunnerFiles" name="runScenario" time="7.008"/>
  <system-out/>
  <testcase classname="runnerfiles.RunnerFiles" name="runScenario" time="6.633"/>
  <system-out/>
  <testcase classname="runnerfiles.RunnerFiles" name="runScenario" time="7.266"/>
  <system-out/>
  <testcase classname="runnerfiles.RunnerFiles" name="runScenario" time="7.608"/>
  <system-out/>
  <testcase classname="runnerfiles.RunnerFiles" name="runScenario" time="7.062"/>
  <system-out/>
  <testcase classname="runnerfiles.RunnerFiles" name="runScenario" time="7.768"/>
  <system-out/>
</testsuite> <!-- runnerfiles.RunnerFiles -->
